Using pre-set license
Built from '2021.1/release' branch; Version is '2021.1.1f1 (6fdc41dfa55a) revision 7330881'; Using compiler version '192528614'; Build Type 'Release'
OS: 'Windows 10 Home; OS build 19044.1586; Version 2009; 64bit' Language: 'en' Physical Memory: 16185 MB
BatchMode: 1, IsHumanControllingUs: 0, StartBugReporterOnCrash: 0, Is64bit: 1, IsPro: 0

 COMMAND LINE ARGUMENTS:
C:\Unity\2021.1.1f1\Editor\Unity.exe
-adb2
-batchMode
-noUpm
-name
AssetImportWorker0
-projectPath
C:/Users/erikf/Documents/GVSU/CIS367/w22-demos/gh-test/GH-Demo
-logFile
Logs/AssetImportWorker0.log
-srvPort
53892
Successfully changed project path to: C:/Users/erikf/Documents/GVSU/CIS367/w22-demos/gh-test/GH-Demo
C:/Users/erikf/Documents/GVSU/CIS367/w22-demos/gh-test/GH-Demo
Using Asset Import Pipeline V2.
Refreshing native plugins compatible for Editor in 72.69 ms, found 1 plugins.
Preloading 0 native plugins for Editor in 0.00 ms.
Initialize engine version: 2021.1.1f1 (6fdc41dfa55a)
[Subsystems] Discovering subsystems at path C:/Unity/2021.1.1f1/Editor/Data/Resources/UnitySubsystems
[Subsystems] Discovering subsystems at path C:/Users/erikf/Documents/GVSU/CIS367/w22-demos/gh-test/GH-Demo/Assets
GfxDevice: creating device client; threaded=0; jobified=0
Direct3D:
    Version:  Direct3D 11.0 [level 11.1]
    Renderer: NVIDIA GeForce RTX 2060 (ID=0x1f55)
    Vendor:   NVIDIA
    VRAM:     5980 MB
    Driver:   30.0.15.1006
Initialize mono
Mono path[0] = 'C:/Unity/2021.1.1f1/Editor/Data/Managed'
Mono path[1] = 'C:/Unity/2021.1.1f1/Editor/Data/MonoBleedingEdge/lib/mono/unityjit'
Mono config path = 'C:/Unity/2021.1.1f1/Editor/Data/MonoBleedingEdge/etc'
Using monoOptions --debugger-agent=transport=dt_socket,embedding=1,server=y,suspend=n,address=127.0.0.1:56028
Begin MonoManager ReloadAssembly
Registering precompiled unity dll's ...
Register platform support module: C:/Unity/2021.1.1f1/Editor/Data/PlaybackEngines/WebGLSupport/UnityEditor.WebGL.Extensions.dll
Register platform support module: C:/Unity/2021.1.1f1/Editor/Data/PlaybackEngines/WindowsStandaloneSupport/UnityEditor.WindowsStandalone.Extensions.dll
Registered in 0.003364 seconds.
Native extension for WindowsStandalone target not found
Native extension for WebGL target not found
Refreshing native plugins compatible for Editor in 83.95 ms, found 1 plugins.
Preloading 0 native plugins for Editor in 0.00 ms.
Mono: successfully reloaded assembly
- Completed reload, in  1.431 seconds
Platform modules already initialized, skipping
Registering precompiled user dll's ...
Registered in 0.003308 seconds.
Begin MonoManager ReloadAssembly
Native extension for WindowsStandalone target not found
Native extension for WebGL target not found
Refreshing native plugins compatible for Editor in 0.59 ms, found 1 plugins.
Preloading 0 native plugins for Editor in 0.00 ms.
Mono: successfully reloaded assembly
- Completed reload, in  0.957 seconds
Platform modules already initialized, skipping
========================================================================
Worker process is ready to serve import requests
Launched and connected shader compiler UnityShaderCompiler.exe after 0.05 seconds
Refreshing native plugins compatible for Editor in 0.78 ms, found 1 plugins.
Preloading 0 native plugins for Editor in 0.00 ms.
Unloading 2672 Unused Serialized files (Serialized files now loaded: 0)
System memory in use before: 98.3 MB.
System memory in use after: 98.5 MB.

Unloading 15 unused Assets to reduce memory usage. Loaded Objects now: 3124.
Total: 1.990500 ms (FindLiveObjects: 0.278200 ms CreateObjectMapping: 0.160100 ms MarkObjects: 1.473600 ms  DeleteObjects: 0.077800 ms)

========================================================================
Received Import Request.
  path: Assets/3rdPerson+Fly/Prefabs/shadow.prefab
  artifactKey: Guid(99aff40f3c93eea4eaf473f85c4c09c6) Importer(815301076,1909f56bfc062723c751e8b465ee728b)
Start importing Assets/3rdPerson+Fly/Prefabs/shadow.prefab using Guid(99aff40f3c93eea4eaf473f85c4c09c6) Importer(815301076,1909f56bfc062723c751e8b465ee728b)  -> (artifact id: '2320eea974a3ba9ffb2f6dd7cda57832') in 0.301086 seconds 
========================================================================
Received Prepare
Registering precompiled user dll's ...
Registered in 0.003162 seconds.
Begin MonoManager ReloadAssembly
Native extension for WindowsStandalone target not found
Native extension for WebGL target not found
Refreshing native plugins compatible for Editor in 0.92 ms, found 1 plugins.
Preloading 0 native plugins for Editor in 0.00 ms.
Mono: successfully reloaded assembly
- Completed reload, in  0.991 seconds
Platform modules already initialized, skipping
Refreshing native plugins compatible for Editor in 0.45 ms, found 1 plugins.
Preloading 0 native plugins for Editor in 0.00 ms.
Unloading 2667 Unused Serialized files (Serialized files now loaded: 0)
System memory in use before: 102.3 MB.
System memory in use after: 102.5 MB.

Unloading 10 unused Assets to reduce memory usage. Loaded Objects now: 3136.
Total: 2.090300 ms (FindLiveObjects: 0.262700 ms CreateObjectMapping: 0.178700 ms MarkObjects: 1.589500 ms  DeleteObjects: 0.058200 ms)

